<?xml version="1.0" encoding="UTF-8"?>
<!-- Generated by org.testng.reporters.JUnitXMLReporter -->
<testsuite hostname="INCLPT0012" ignored="2" name="seleniumpractice" tests="7" failures="0" timestamp="2018-11-10T09:47:02 IST" time="77.039" errors="0">
  <testcase name="checkTitle" time="0.02" classname="testng.AssertEx"/>
  <testcase name="enterSearchText" time="2.583" classname="testng.AssertEx"/>
  <testcase name="navigateBack" time="1.069" classname="testng.AssertEx"/>
  <testcase name="checkTitle" time="0.029" classname="testng.Fb"/>
  <testcase name="print1" time="0.0" classname="testng.Fb"/>
  <testcase name="print3" time="2.517" classname="testng.PriorityEx"/>
  <testcase name="print1" time="2.501" classname="testng.PriorityEx"/>
  <testcase name="print2" time="0.0" classname="testng.PriorityEx">
    <ignored/>
  </testcase> <!-- print2 -->
  <testcase name="print" time="0.0" classname="testng.Fb">
    <ignored/>
  </testcase> <!-- print -->
</testsuite> <!-- seleniumpractice -->
