<?xml version="1.0" encoding="UTF-8"?>
<testng-results skipped="0" failed="0" ignored="0" total="3" passed="3">
  <reporter-output>
  </reporter-output>
  <suite name="Default Suite" duration-ms="7703" started-at="2018-11-12T20:15:33 IST" finished-at="2018-11-12T20:15:41 IST">
    <groups>
      <group name="level1">
        <method signature="PriorityEx.print1()[pri:0, instance:testng.PriorityEx@6df97b55]" name="print1" class="testng.PriorityEx"/>
      </group> <!-- level1 -->
      <group name="level2">
        <method signature="PriorityEx.print2()[pri:0, instance:testng.PriorityEx@6df97b55]" name="print2" class="testng.PriorityEx"/>
        <method signature="PriorityEx.print3()[pri:0, instance:testng.PriorityEx@6df97b55]" name="print3" class="testng.PriorityEx"/>
      </group> <!-- level2 -->
    </groups>
    <test name="seleniumpractice" duration-ms="7703" started-at="2018-11-12T20:15:33 IST" finished-at="2018-11-12T20:15:41 IST">
      <class name="testng.PriorityEx">
        <test-method status="PASS" signature="start()[pri:0, instance:testng.PriorityEx@6df97b55]" name="start" is-config="true" duration-ms="69" started-at="2018-11-12T20:15:33 IST" finished-at="2018-11-12T20:15:33 IST">
          <reporter-output>
          </reporter-output>
        </test-method> <!-- start -->
        <test-method status="PASS" signature="print1()[pri:0, instance:testng.PriorityEx@6df97b55]" name="print1" duration-ms="2501" started-at="2018-11-12T20:15:34 IST" finished-at="2018-11-12T20:15:36 IST">
          <reporter-output>
          </reporter-output>
        </test-method> <!-- print1 -->
        <test-method status="PASS" signature="print2()[pri:0, instance:testng.PriorityEx@6df97b55]" name="print2" duration-ms="2503" started-at="2018-11-12T20:15:36 IST" finished-at="2018-11-12T20:15:39 IST">
          <reporter-output>
          </reporter-output>
        </test-method> <!-- print2 -->
        <test-method status="PASS" signature="print3()[pri:0, instance:testng.PriorityEx@6df97b55]" name="print3" duration-ms="2501" started-at="2018-11-12T20:15:39 IST" finished-at="2018-11-12T20:15:41 IST">
          <reporter-output>
          </reporter-output>
        </test-method> <!-- print3 -->
        <test-method status="PASS" signature="stop()[pri:0, instance:testng.PriorityEx@6df97b55]" name="stop" is-config="true" duration-ms="1" started-at="2018-11-12T20:15:41 IST" finished-at="2018-11-12T20:15:41 IST">
          <reporter-output>
          </reporter-output>
        </test-method> <!-- stop -->
      </class> <!-- testng.PriorityEx -->
    </test> <!-- seleniumpractice -->
  </suite> <!-- Default Suite -->
</testng-results>
